QPCR STM32F302VET6 Bootloader start...
UpgradeInfo: [:0x0:0x801021f:0xffffffff:0x1]
Upgrade Type: UART_AUTO_UPGRADE
recv OK, pkgLen=[128] pkg[2]=[0x00], pkgRecv=[0x00]
Flash Erase All...
send ACK & CRC16
recv OK, pkgLen=[1024] pkg[2]=[0x01], pkgRecv=[0x01]
flashWrite at [0x08010000] succ.FirWord[0x20000bd0], lastWord[0x2b01f811]
recv OK, pkgLen=[1024] pkg[2]=[0x02], pkgRecv=[0x02]
flashWrite at [0x08010400] succ.FirWord[0xf800bf24], lastWord[0x00004770]
recv OK, pkgLen=[1024] pkg[2]=[0x03], pkgRecv=[0x03]
flashWrite at [0x08010800] succ.FirWord[0x40022000], lastWord[0xf002a005]
recv OK, pkgLen=[1024] pkg[2]=[0x04], pkgRecv=[0x04]
flashWrite at [0x08010c00] succ.FirWord[0x6969f8e2], lastWord[0xd01107c0]
recv OK, pkgLen=[1024] pkg[2]=[0x05], pkgRecv=[0x05]
flashWrite at [0x08011000] succ.FirWord[0xb14868a0], lastWord[0x2802d00c]
recv OK, pkgLen=[1024] pkg[2]=[0x06], pkgRecv=[0x06]
flashWrite at [0x08011400] succ.FirWord[0x2102d026], lastWord[0x68e0d00b]
recv OK, pkgLen=[1024] pkg[2]=[0x07], pkgRecv=[0x07]
flashWrite at [0x08011800] succ.FirWord[0xfa96b3f0], lastWord[0x6a20f8e4]
recv OK, pkgLen=[1024] pkg[2]=[0x08], pkgRecv=[0x08]
flashWrite at [0x08011c00] succ.FirWord[0xf5b0b378], lastWord[0xe7f8213f]
recv OK, pkgLen=[1024] pkg[2]=[0x09], pkgRecv=[0x09]
flashWrite at [0x08012000] succ.FirWord[0x205cf8a4], lastWord[0x68011000]
recv OK, pkgLen=[1024] pkg[2]=[0x0a], pkgRecv=[0x0a]
flashWrite at [0x08012400] succ.FirWord[0xe9cd2008], lastWord[0x68206011]
recv OK, pkgLen=[1024] pkg[2]=[0x0b], pkgRecv=[0x0b]
flashWrite at [0x08012800] succ.FirWord[0x68e26841], lastWord[0xe9dd4682]
recv OK, pkgLen=[128] pkg[2]=[0x0c], pkgRecv=[0x0c]
flashWrite at [0x08012c00] succ.FirWord[0x26014b0a], lastWord[0xbf00804c]
recv OK, pkgLen=[128] pkg[2]=[0x0d], pkgRecv=[0x0d]
flashWrite at [0x08012c80] succ.FirWord[0xf0f6fbb5], lastWord[0x30fff04f]
recv OK, pkgLen=[128] pkg[2]=[0x0e], pkgRecv=[0x0e]
flashWrite at [0x08012d00] succ.FirWord[0xbd1060e0], lastWord[0x4641d906]
recv OK, pkgLen=[128] pkg[2]=[0x0f], pkgRecv=[0x0f]
flashWrite at [0x08012d80] succ.FirWord[0xfb02f7fd], lastWord[0xf44f4e24]
recv OK, pkgLen=[128] pkg[2]=[0x10], pkgRecv=[0x10]
flashWrite at [0x08012e00] succ.FirWord[0xf44f7500], lastWord[0x69746163]
recv OK, pkgLen=[128] pkg[2]=[0x11], pkgRecv=[0x11]
flashWrite at [0x08012e80] succ.FirWord[0x73206e6f], lastWord[0x00000000]
recv OK, pkgLen=[128] pkg[2]=[0x12], pkgRecv=[0x12]
flashWrite at [0x08012f00] succ.FirWord[0x00000000], lastWord[0x1a1a1a1a]
recv OK, pkgLen[0]
recv OK, pkgLen=[128] pkg[2]=[0x00], pkgRecv=[0x00]
Jump to APP. addr[0x20000bd0]
